POST:{"flightPOL":"ckg","flightPOD":"lax","flightNo":"ca567","flightDate":"10/20","flightType":"b780","flightAirline":"ca","flightMaxLoad":"156"}
POST:{"flightPOL":"ckg","flightPOD":"lax","flightNo":"ca567","flightDate":"10/20","flightType":"b780","flightAirline":"ca","flightMaxLoad":"156"}
POST:{"flightPOL":"ckg","flightPOD":"lax","flightNo":"ca567","flightDate":"10/20","flightType":"b780","flightAirline":"ca","flightMaxLoad":"156"}
POST:
POST:{"flightPOL":"ckg","flightPOD":"lax","flightNo":"ca567","flightDate":"10/20","flightType":"b780","flightAirline":"ca","flightMaxLoad":"156"}flightPOL
POST:
POST:POST:{"flightPOL":"ckg","flightPOD":"lax","flightNo":"ca567","flightDate":"10/20","flightType":"b780","flightAirline":"ca","flightMaxLoad":"156"}flightPOLPOST:ckgPOST:ckgPOST:ckgPOST:ckgPOST:ckgPOST:ckgPOST:ckgPOST:ckgPOST:ckgname:2020-10-30
name:
name:2020/10/9 下午4:18:30
name:1602201600000
name:1602201600000
name:1602201600000
name:1602201600000
name:1602201600000
name:1602201600000
name:1602201600000
name:1602201600000
name:1602201600000
name:1602201600000
name:1602201600000
name:1602201600000
name:1602201600000
name:1602201600
name:1602201600
name:1602201600
name:1602201600
name:1602201600
name:1602201600
name:1602201600
name:1602201600
name:1602201600
name:1602201600
name:1602201600
name:1602201600
name:1602201600
name:1602201600
name:1602201600
name:1602201600
name:1602201600
name:1602201600
name:1602201600
name:1602201600
name:1602201600
name:1602201600
name:1602201600
name:1602201600
name:1602201600
name:1602201600
name:1602201600
name:1602201600
name:1602201600
name:1602201600
name:1596902400
name:1596902400
name:1596931200
name:1596931200
name:1602720000
name:1602720000
name:1601942400
name:1579046400
name:1602691200
name:1602691200
name:1603641600
name:1603296000
name:1602604800
name:1602604800
name:1602604800
name:1602000000
name:1602000000
name:1602000000
name:
name:
name:1601913600
name:
name:
name:
name:
name:
name:
name:
name:
name:
name:
name:
name:
name:
name:
name:
name:
name:
name:
name:1602518400
name:1605196800
